<?xml version="1.0" encoding="UTF-8"?>
<testsuite name="tests.github.SelenideSoftAssertonsOpen" tests="1" skipped="0" failures="0" errors="0" timestamp="2025-04-23T09:47:22.876Z" hostname="PC-ROZOVA" time="14.744">
  <properties/>
  <testcase name="softAssertionsOpenAndHaveJUnit5()" classname="tests.github.SelenideSoftAssertonsOpen" time="14.744"/>
  <system-out><![CDATA[]]></system-out>
  <system-err><![CDATA[[Test worker] INFO com.codeborne.selenide.WebDriverThreadLocalContainer - No webdriver is bound to current thread: 1 - let's create a new webdriver
[Test worker] INFO com.codeborne.selenide.impl.FileHelper - Creating folder: C:\Users\t.rozova\AquaProjects\demoqa-tests-1\build\downloads\1745401642923_15716_1
апр. 23, 2025 12:47:24 PM org.openqa.selenium.devtools.CdpVersionFinder findNearestMatch
WARNING: Unable to find CDP implementation matching 135
апр. 23, 2025 12:47:24 PM org.openqa.selenium.chromium.ChromiumDriver lambda$new$5
WARNING: Unable to find version of CDP to use for 135.0.7049.42. You may need to include a dependency on a specific version of the CDP using something similar to `org.seleniumhq.selenium:selenium-devtools-v86:4.25.0` where the version ("v86") matches the version of the chromium-based browser you're using and the version number of the artifact is the same as Selenium's.
[Test worker] INFO com.codeborne.selenide.webdriver.WebDriverFactory - BrowserName=chrome Version=135.0.7049.42 Platform=windows
[Test worker] INFO com.codeborne.selenide.webdriver.WebDriverFactory - Selenide v. 7.5.1
[Test worker] INFO com.codeborne.selenide.webdriver.WebDriverFactory - Selenium WebDriver v. 4.25.0 build revision: 8a8aea2337
[Test worker] INFO com.codeborne.selenide.drivercommands.CreateDriverCommand - Created webdriver in thread 1: ChromeDriver -> ChromeDriver: chrome on windows (b18cd5e9da4db86e531ee03f341ef55d), downloadsFolder: C:\Users\t.rozova\AquaProjects\demoqa-tests-1\build\downloads\1745401642923_15716_1
[Test worker] INFO com.codeborne.selenide.drivercommands.DisposablesRegistry - Register WebDriverInstance[config=com.codeborne.selenide.ThreadLocalSelenideConfig@d4ab71a, webDriver=ChromeDriver: chrome on windows (b18cd5e9da4db86e531ee03f341ef55d), proxy=null, downloadsFolder=C:\Users\t.rozova\AquaProjects\demoqa-tests-1\build\downloads\1745401642923_15716_1] in 1 [size=1]
[Test worker] INFO com.codeborne.selenide.drivercommands.DisposablesRegistry - Add shutdown hook in 1 [size=1]
]]></system-err>
</testsuite>
